{
  "stats": {
    "suites": 1,
    "tests": 6,
    "passes": 6,
    "pending": 0,
    "failures": 0,
    "start": "2023-12-20T00:36:30.849Z",
    "end": "2023-12-20T00:36:53.253Z",
    "duration": 22404,
    "testsRegistered": 6,
    "passPercent": 100,
    "pendingPercent": 0,
    "other": 0,
    "hasOther": false,
    "skipped": 0,
    "hasSkipped": false
  },
  "results": [
    {
      "uuid": "992d4176-392d-4a47-9303-ee330af04990",
      "title": "",
      "fullFile": "cypress\\e2e\\features\\carousel.feature",
      "file": "cypress\\e2e\\features\\carousel.feature",
      "beforeHooks": [],
      "afterHooks": [],
      "tests": [],
      "suites": [
        {
          "uuid": "8d5a488a-8ce9-442a-8083-31b3a66d66f5",
          "title": "Test the featured items carousel",
          "fullFile": "",
          "file": "",
          "beforeHooks": [],
          "afterHooks": [],
          "tests": [
            {
              "title": "Check carousel buttons (example #1)",
              "fullTitle": "Test the featured items carousel Check carousel buttons (example #1)",
              "timedOut": null,
              "duration": 3024,
              "state": "passed",
              "speed": "fast",
              "pass": true,
              "fail": false,
              "pending": false,
              "context": null,
              "code": "var _a2, _b, _c, _d, _e;\nconst { remainingSteps, testCaseStartedId } = retrieveInternalSpecProperties();\ntaskTestCaseStarted(context, {\n  id: testCaseStartedId,\n  testCaseId,\n  attempt: attempt++,\n  timestamp: (0, messages_1.createTimestamp)()\n});\nwindow.testState = {\n  gherkinDocument,\n  pickles,\n  pickle\n};\nfor (const step of steps) {\n  if (step.hook) {\n    const hook = step.hook;\n    const testStepId = getTestStepId({\n      context,\n      pickleId: pickle.id,\n      hookIdOrPickleStepId: hook.id\n    });\n    cy.then(() => {\n      delete window.testState.pickleStep;\n      const start = (0, messages_1.createTimestamp)();\n      internalProperties.currentStepStartedAt = start;\n      taskTestStepStarted(context, {\n        testStepId,\n        testCaseStartedId,\n        timestamp: start\n      });\n      return cy.wrap(start, { log: false });\n    }).then((start) => {\n      const options = {\n        pickle,\n        gherkinDocument,\n        testCaseStartedId\n      };\n      (0, cypress_1.runStepWithLogGroup)({\n        fn: () => registry2.runCaseHook(this, hook, options),\n        keyword: hook.keyword,\n        text: createStepDescription(hook)\n      });\n      return cy.wrap(start, { log: false });\n    }).then((start) => {\n      const end = (0, messages_1.createTimestamp)();\n      taskTestStepFinished(context, {\n        testStepId,\n        testCaseStartedId,\n        testStepResult: {\n          status: messages.TestStepResultStatus.PASSED,\n          duration: (0, messages_1.duration)(start, end)\n        },\n        timestamp: end\n      }, isLastEl(steps, step));\n      remainingSteps.shift();\n    });\n  } else if (step.pickleStep) {\n    const pickleStep = step.pickleStep;\n    const testStepId = getTestStepId({\n      context,\n      pickleId: pickle.id,\n      hookIdOrPickleStepId: pickleStep.id\n    });\n    const text = (0, assertions_1.assertAndReturn)(pickleStep.text, \"Expected pickle step to have a text\");\n    const scenarioStep = (0, assertions_1.assertAndReturn)(context.astIdsMap.get((0, assertions_1.assertAndReturn)((_a2 = pickleStep.astNodeIds) === null || _a2 === void 0 ? void 0 : _a2[0], \"Expected to find at least one astNodeId\")), `Expected to find scenario step associated with id = ${(_b = pickleStep.astNodeIds) === null || _b === void 0 ? void 0 : _b[0]}`);\n    const argument = ((_c = pickleStep.argument) === null || _c === void 0 ? void 0 : _c.dataTable) ? new data_table_1.default(pickleStep.argument.dataTable) : ((_e = (_d = pickleStep.argument) === null || _d === void 0 ? void 0 : _d.docString) === null || _e === void 0 ? void 0 : _e.content) ? pickleStep.argument.docString.content : void 0;\n    cy.then(() => {\n      window.testState.pickleStep = step.pickleStep;\n      const start = (0, messages_1.createTimestamp)();\n      internalProperties.currentStep = { pickleStep };\n      internalProperties.currentStepStartedAt = start;\n      taskTestStepStarted(context, {\n        testStepId,\n        testCaseStartedId,\n        timestamp: start\n      });\n      return cy.wrap(start, { log: false });\n    }).then((start) => {\n      const beforeStepHooks = registry2.resolveBeforeStepHooks(tags);\n      const afterStepHooks = registry2.resolveAfterStepHooks(tags);\n      const options = {\n        pickle,\n        pickleStep,\n        gherkinDocument,\n        testCaseStartedId,\n        testStepId\n      };\n      const beforeHooksChain = beforeStepHooks.reduce((chain, beforeStepHook) => {\n        return chain.then(() => (0, cypress_1.runStepWithLogGroup)({\n          keyword: \"BeforeStep\",\n          text: createStepDescription(beforeStepHook),\n          fn: () => registry2.runStepHook(this, beforeStepHook, options)\n        }));\n      }, cy.wrap({}, { log: false }));\n      return beforeHooksChain.then(() => {\n        try {\n          return (0, cypress_1.runStepWithLogGroup)({\n            keyword: (0, assertions_1.assertAndReturn)(\"keyword\" in scenarioStep && scenarioStep.keyword, \"Expected to find a keyword in the scenario step\"),\n            argument,\n            text,\n            fn: () => registry2.runStepDefininition(this, text, argument)\n          }).then((result) => {\n            return afterStepHooks.reduce((chain, afterStepHook) => {\n              return chain.then(() => (0, cypress_1.runStepWithLogGroup)({\n                keyword: \"AfterStep\",\n                text: createStepDescription(afterStepHook),\n                fn: () => registry2.runStepHook(this, afterStepHook, options)\n              }));\n            }, cy.wrap({}, { log: false })).then(() => {\n              return { start, result };\n            });\n          });\n        } catch (e) {\n          if (e instanceof registry_1.MissingDefinitionError) {\n            throw new Error(createMissingStepDefinitionMessage(context, pickleStep, context.registry.parameterTypeRegistry));\n          } else {\n            throw e;\n          }\n        }\n      });\n    }).then(({ start, result }) => {\n      var _a3, _b2, _c2;\n      const end = (0, messages_1.createTimestamp)();\n      if (result === \"pending\" || result === \"skipped\") {\n        if (result === \"pending\") {\n          taskTestStepFinished(context, {\n            testStepId,\n            testCaseStartedId,\n            testStepResult: {\n              status: messages.TestStepResultStatus.PENDING,\n              duration: (0, messages_1.duration)(start, end)\n            },\n            timestamp: end\n          }, isLastEl(steps, step));\n        } else {\n          taskTestStepFinished(context, {\n            testStepId,\n            testCaseStartedId,\n            testStepResult: {\n              status: messages.TestStepResultStatus.SKIPPED,\n              duration: (0, messages_1.duration)(start, end)\n            },\n            timestamp: end\n          }, isLastEl(steps, step));\n        }\n        remainingSteps.shift();\n        for (const skippedStep of remainingSteps) {\n          const hookIdOrPickleStepId = (0, assertions_1.assertAndReturn)((_b2 = (_a3 = skippedStep.hook) === null || _a3 === void 0 ? void 0 : _a3.id) !== null && _b2 !== void 0 ? _b2 : (_c2 = skippedStep.pickleStep) === null || _c2 === void 0 ? void 0 : _c2.id, \"Expected a step to either be a hook or a pickleStep\");\n          const testStepId2 = getTestStepId({\n            context,\n            pickleId: pickle.id,\n            hookIdOrPickleStepId\n          });\n          taskTestStepStarted(context, {\n            testStepId: testStepId2,\n            testCaseStartedId,\n            timestamp: (0, messages_1.createTimestamp)()\n          });\n          taskTestStepFinished(context, {\n            testStepId: testStepId2,\n            testCaseStartedId,\n            testStepResult: {\n              status: messages.TestStepResultStatus.SKIPPED,\n              duration: {\n                seconds: 0,\n                nanos: 0\n              }\n            },\n            timestamp: (0, messages_1.createTimestamp)()\n          }, isLastEl(remainingSteps, skippedStep));\n        }\n        for (let i = 0, count = remainingSteps.length; i < count; i++) {\n          remainingSteps.pop();\n        }\n        cy.then(() => this.skip());\n      } else {\n        taskTestStepFinished(context, {\n          testStepId,\n          testCaseStartedId,\n          testStepResult: {\n            status: messages.TestStepResultStatus.PASSED,\n            duration: (0, messages_1.duration)(start, end)\n          },\n          timestamp: end\n        }, isLastEl(steps, step));\n        remainingSteps.shift();\n      }\n    });\n  }\n}",
              "err": {},
              "uuid": "5813c103-0661-420a-bdaf-cee98bcfcdda",
              "parentUUID": "8d5a488a-8ce9-442a-8083-31b3a66d66f5",
              "isHook": false,
              "skipped": false
            },
            {
              "title": "Check carousel buttons (example #2)",
              "fullTitle": "Test the featured items carousel Check carousel buttons (example #2)",
              "timedOut": null,
              "duration": 766,
              "state": "passed",
              "speed": "fast",
              "pass": true,
              "fail": false,
              "pending": false,
              "context": null,
              "code": "var _a2, _b, _c, _d, _e;\nconst { remainingSteps, testCaseStartedId } = retrieveInternalSpecProperties();\ntaskTestCaseStarted(context, {\n  id: testCaseStartedId,\n  testCaseId,\n  attempt: attempt++,\n  timestamp: (0, messages_1.createTimestamp)()\n});\nwindow.testState = {\n  gherkinDocument,\n  pickles,\n  pickle\n};\nfor (const step of steps) {\n  if (step.hook) {\n    const hook = step.hook;\n    const testStepId = getTestStepId({\n      context,\n      pickleId: pickle.id,\n      hookIdOrPickleStepId: hook.id\n    });\n    cy.then(() => {\n      delete window.testState.pickleStep;\n      const start = (0, messages_1.createTimestamp)();\n      internalProperties.currentStepStartedAt = start;\n      taskTestStepStarted(context, {\n        testStepId,\n        testCaseStartedId,\n        timestamp: start\n      });\n      return cy.wrap(start, { log: false });\n    }).then((start) => {\n      const options = {\n        pickle,\n        gherkinDocument,\n        testCaseStartedId\n      };\n      (0, cypress_1.runStepWithLogGroup)({\n        fn: () => registry2.runCaseHook(this, hook, options),\n        keyword: hook.keyword,\n        text: createStepDescription(hook)\n      });\n      return cy.wrap(start, { log: false });\n    }).then((start) => {\n      const end = (0, messages_1.createTimestamp)();\n      taskTestStepFinished(context, {\n        testStepId,\n        testCaseStartedId,\n        testStepResult: {\n          status: messages.TestStepResultStatus.PASSED,\n          duration: (0, messages_1.duration)(start, end)\n        },\n        timestamp: end\n      }, isLastEl(steps, step));\n      remainingSteps.shift();\n    });\n  } else if (step.pickleStep) {\n    const pickleStep = step.pickleStep;\n    const testStepId = getTestStepId({\n      context,\n      pickleId: pickle.id,\n      hookIdOrPickleStepId: pickleStep.id\n    });\n    const text = (0, assertions_1.assertAndReturn)(pickleStep.text, \"Expected pickle step to have a text\");\n    const scenarioStep = (0, assertions_1.assertAndReturn)(context.astIdsMap.get((0, assertions_1.assertAndReturn)((_a2 = pickleStep.astNodeIds) === null || _a2 === void 0 ? void 0 : _a2[0], \"Expected to find at least one astNodeId\")), `Expected to find scenario step associated with id = ${(_b = pickleStep.astNodeIds) === null || _b === void 0 ? void 0 : _b[0]}`);\n    const argument = ((_c = pickleStep.argument) === null || _c === void 0 ? void 0 : _c.dataTable) ? new data_table_1.default(pickleStep.argument.dataTable) : ((_e = (_d = pickleStep.argument) === null || _d === void 0 ? void 0 : _d.docString) === null || _e === void 0 ? void 0 : _e.content) ? pickleStep.argument.docString.content : void 0;\n    cy.then(() => {\n      window.testState.pickleStep = step.pickleStep;\n      const start = (0, messages_1.createTimestamp)();\n      internalProperties.currentStep = { pickleStep };\n      internalProperties.currentStepStartedAt = start;\n      taskTestStepStarted(context, {\n        testStepId,\n        testCaseStartedId,\n        timestamp: start\n      });\n      return cy.wrap(start, { log: false });\n    }).then((start) => {\n      const beforeStepHooks = registry2.resolveBeforeStepHooks(tags);\n      const afterStepHooks = registry2.resolveAfterStepHooks(tags);\n      const options = {\n        pickle,\n        pickleStep,\n        gherkinDocument,\n        testCaseStartedId,\n        testStepId\n      };\n      const beforeHooksChain = beforeStepHooks.reduce((chain, beforeStepHook) => {\n        return chain.then(() => (0, cypress_1.runStepWithLogGroup)({\n          keyword: \"BeforeStep\",\n          text: createStepDescription(beforeStepHook),\n          fn: () => registry2.runStepHook(this, beforeStepHook, options)\n        }));\n      }, cy.wrap({}, { log: false }));\n      return beforeHooksChain.then(() => {\n        try {\n          return (0, cypress_1.runStepWithLogGroup)({\n            keyword: (0, assertions_1.assertAndReturn)(\"keyword\" in scenarioStep && scenarioStep.keyword, \"Expected to find a keyword in the scenario step\"),\n            argument,\n            text,\n            fn: () => registry2.runStepDefininition(this, text, argument)\n          }).then((result) => {\n            return afterStepHooks.reduce((chain, afterStepHook) => {\n              return chain.then(() => (0, cypress_1.runStepWithLogGroup)({\n                keyword: \"AfterStep\",\n                text: createStepDescription(afterStepHook),\n                fn: () => registry2.runStepHook(this, afterStepHook, options)\n              }));\n            }, cy.wrap({}, { log: false })).then(() => {\n              return { start, result };\n            });\n          });\n        } catch (e) {\n          if (e instanceof registry_1.MissingDefinitionError) {\n            throw new Error(createMissingStepDefinitionMessage(context, pickleStep, context.registry.parameterTypeRegistry));\n          } else {\n            throw e;\n          }\n        }\n      });\n    }).then(({ start, result }) => {\n      var _a3, _b2, _c2;\n      const end = (0, messages_1.createTimestamp)();\n      if (result === \"pending\" || result === \"skipped\") {\n        if (result === \"pending\") {\n          taskTestStepFinished(context, {\n            testStepId,\n            testCaseStartedId,\n            testStepResult: {\n              status: messages.TestStepResultStatus.PENDING,\n              duration: (0, messages_1.duration)(start, end)\n            },\n            timestamp: end\n          }, isLastEl(steps, step));\n        } else {\n          taskTestStepFinished(context, {\n            testStepId,\n            testCaseStartedId,\n            testStepResult: {\n              status: messages.TestStepResultStatus.SKIPPED,\n              duration: (0, messages_1.duration)(start, end)\n            },\n            timestamp: end\n          }, isLastEl(steps, step));\n        }\n        remainingSteps.shift();\n        for (const skippedStep of remainingSteps) {\n          const hookIdOrPickleStepId = (0, assertions_1.assertAndReturn)((_b2 = (_a3 = skippedStep.hook) === null || _a3 === void 0 ? void 0 : _a3.id) !== null && _b2 !== void 0 ? _b2 : (_c2 = skippedStep.pickleStep) === null || _c2 === void 0 ? void 0 : _c2.id, \"Expected a step to either be a hook or a pickleStep\");\n          const testStepId2 = getTestStepId({\n            context,\n            pickleId: pickle.id,\n            hookIdOrPickleStepId\n          });\n          taskTestStepStarted(context, {\n            testStepId: testStepId2,\n            testCaseStartedId,\n            timestamp: (0, messages_1.createTimestamp)()\n          });\n          taskTestStepFinished(context, {\n            testStepId: testStepId2,\n            testCaseStartedId,\n            testStepResult: {\n              status: messages.TestStepResultStatus.SKIPPED,\n              duration: {\n                seconds: 0,\n                nanos: 0\n              }\n            },\n            timestamp: (0, messages_1.createTimestamp)()\n          }, isLastEl(remainingSteps, skippedStep));\n        }\n        for (let i = 0, count = remainingSteps.length; i < count; i++) {\n          remainingSteps.pop();\n        }\n        cy.then(() => this.skip());\n      } else {\n        taskTestStepFinished(context, {\n          testStepId,\n          testCaseStartedId,\n          testStepResult: {\n            status: messages.TestStepResultStatus.PASSED,\n            duration: (0, messages_1.duration)(start, end)\n          },\n          timestamp: end\n        }, isLastEl(steps, step));\n        remainingSteps.shift();\n      }\n    });\n  }\n}",
              "err": {},
              "uuid": "d319bf4e-f1ed-4cb9-bdb2-6b1adfc6b7dc",
              "parentUUID": "8d5a488a-8ce9-442a-8083-31b3a66d66f5",
              "isHook": false,
              "skipped": false
            },
            {
              "title": "Check carousel sliding",
              "fullTitle": "Test the featured items carousel Check carousel sliding",
              "timedOut": null,
              "duration": 15417,
              "state": "passed",
              "speed": "slow",
              "pass": true,
              "fail": false,
              "pending": false,
              "context": null,
              "code": "var _a2, _b, _c, _d, _e;\nconst { remainingSteps, testCaseStartedId } = retrieveInternalSpecProperties();\ntaskTestCaseStarted(context, {\n  id: testCaseStartedId,\n  testCaseId,\n  attempt: attempt++,\n  timestamp: (0, messages_1.createTimestamp)()\n});\nwindow.testState = {\n  gherkinDocument,\n  pickles,\n  pickle\n};\nfor (const step of steps) {\n  if (step.hook) {\n    const hook = step.hook;\n    const testStepId = getTestStepId({\n      context,\n      pickleId: pickle.id,\n      hookIdOrPickleStepId: hook.id\n    });\n    cy.then(() => {\n      delete window.testState.pickleStep;\n      const start = (0, messages_1.createTimestamp)();\n      internalProperties.currentStepStartedAt = start;\n      taskTestStepStarted(context, {\n        testStepId,\n        testCaseStartedId,\n        timestamp: start\n      });\n      return cy.wrap(start, { log: false });\n    }).then((start) => {\n      const options = {\n        pickle,\n        gherkinDocument,\n        testCaseStartedId\n      };\n      (0, cypress_1.runStepWithLogGroup)({\n        fn: () => registry2.runCaseHook(this, hook, options),\n        keyword: hook.keyword,\n        text: createStepDescription(hook)\n      });\n      return cy.wrap(start, { log: false });\n    }).then((start) => {\n      const end = (0, messages_1.createTimestamp)();\n      taskTestStepFinished(context, {\n        testStepId,\n        testCaseStartedId,\n        testStepResult: {\n          status: messages.TestStepResultStatus.PASSED,\n          duration: (0, messages_1.duration)(start, end)\n        },\n        timestamp: end\n      }, isLastEl(steps, step));\n      remainingSteps.shift();\n    });\n  } else if (step.pickleStep) {\n    const pickleStep = step.pickleStep;\n    const testStepId = getTestStepId({\n      context,\n      pickleId: pickle.id,\n      hookIdOrPickleStepId: pickleStep.id\n    });\n    const text = (0, assertions_1.assertAndReturn)(pickleStep.text, \"Expected pickle step to have a text\");\n    const scenarioStep = (0, assertions_1.assertAndReturn)(context.astIdsMap.get((0, assertions_1.assertAndReturn)((_a2 = pickleStep.astNodeIds) === null || _a2 === void 0 ? void 0 : _a2[0], \"Expected to find at least one astNodeId\")), `Expected to find scenario step associated with id = ${(_b = pickleStep.astNodeIds) === null || _b === void 0 ? void 0 : _b[0]}`);\n    const argument = ((_c = pickleStep.argument) === null || _c === void 0 ? void 0 : _c.dataTable) ? new data_table_1.default(pickleStep.argument.dataTable) : ((_e = (_d = pickleStep.argument) === null || _d === void 0 ? void 0 : _d.docString) === null || _e === void 0 ? void 0 : _e.content) ? pickleStep.argument.docString.content : void 0;\n    cy.then(() => {\n      window.testState.pickleStep = step.pickleStep;\n      const start = (0, messages_1.createTimestamp)();\n      internalProperties.currentStep = { pickleStep };\n      internalProperties.currentStepStartedAt = start;\n      taskTestStepStarted(context, {\n        testStepId,\n        testCaseStartedId,\n        timestamp: start\n      });\n      return cy.wrap(start, { log: false });\n    }).then((start) => {\n      const beforeStepHooks = registry2.resolveBeforeStepHooks(tags);\n      const afterStepHooks = registry2.resolveAfterStepHooks(tags);\n      const options = {\n        pickle,\n        pickleStep,\n        gherkinDocument,\n        testCaseStartedId,\n        testStepId\n      };\n      const beforeHooksChain = beforeStepHooks.reduce((chain, beforeStepHook) => {\n        return chain.then(() => (0, cypress_1.runStepWithLogGroup)({\n          keyword: \"BeforeStep\",\n          text: createStepDescription(beforeStepHook),\n          fn: () => registry2.runStepHook(this, beforeStepHook, options)\n        }));\n      }, cy.wrap({}, { log: false }));\n      return beforeHooksChain.then(() => {\n        try {\n          return (0, cypress_1.runStepWithLogGroup)({\n            keyword: (0, assertions_1.assertAndReturn)(\"keyword\" in scenarioStep && scenarioStep.keyword, \"Expected to find a keyword in the scenario step\"),\n            argument,\n            text,\n            fn: () => registry2.runStepDefininition(this, text, argument)\n          }).then((result) => {\n            return afterStepHooks.reduce((chain, afterStepHook) => {\n              return chain.then(() => (0, cypress_1.runStepWithLogGroup)({\n                keyword: \"AfterStep\",\n                text: createStepDescription(afterStepHook),\n                fn: () => registry2.runStepHook(this, afterStepHook, options)\n              }));\n            }, cy.wrap({}, { log: false })).then(() => {\n              return { start, result };\n            });\n          });\n        } catch (e) {\n          if (e instanceof registry_1.MissingDefinitionError) {\n            throw new Error(createMissingStepDefinitionMessage(context, pickleStep, context.registry.parameterTypeRegistry));\n          } else {\n            throw e;\n          }\n        }\n      });\n    }).then(({ start, result }) => {\n      var _a3, _b2, _c2;\n      const end = (0, messages_1.createTimestamp)();\n      if (result === \"pending\" || result === \"skipped\") {\n        if (result === \"pending\") {\n          taskTestStepFinished(context, {\n            testStepId,\n            testCaseStartedId,\n            testStepResult: {\n              status: messages.TestStepResultStatus.PENDING,\n              duration: (0, messages_1.duration)(start, end)\n            },\n            timestamp: end\n          }, isLastEl(steps, step));\n        } else {\n          taskTestStepFinished(context, {\n            testStepId,\n            testCaseStartedId,\n            testStepResult: {\n              status: messages.TestStepResultStatus.SKIPPED,\n              duration: (0, messages_1.duration)(start, end)\n            },\n            timestamp: end\n          }, isLastEl(steps, step));\n        }\n        remainingSteps.shift();\n        for (const skippedStep of remainingSteps) {\n          const hookIdOrPickleStepId = (0, assertions_1.assertAndReturn)((_b2 = (_a3 = skippedStep.hook) === null || _a3 === void 0 ? void 0 : _a3.id) !== null && _b2 !== void 0 ? _b2 : (_c2 = skippedStep.pickleStep) === null || _c2 === void 0 ? void 0 : _c2.id, \"Expected a step to either be a hook or a pickleStep\");\n          const testStepId2 = getTestStepId({\n            context,\n            pickleId: pickle.id,\n            hookIdOrPickleStepId\n          });\n          taskTestStepStarted(context, {\n            testStepId: testStepId2,\n            testCaseStartedId,\n            timestamp: (0, messages_1.createTimestamp)()\n          });\n          taskTestStepFinished(context, {\n            testStepId: testStepId2,\n            testCaseStartedId,\n            testStepResult: {\n              status: messages.TestStepResultStatus.SKIPPED,\n              duration: {\n                seconds: 0,\n                nanos: 0\n              }\n            },\n            timestamp: (0, messages_1.createTimestamp)()\n          }, isLastEl(remainingSteps, skippedStep));\n        }\n        for (let i = 0, count = remainingSteps.length; i < count; i++) {\n          remainingSteps.pop();\n        }\n        cy.then(() => this.skip());\n      } else {\n        taskTestStepFinished(context, {\n          testStepId,\n          testCaseStartedId,\n          testStepResult: {\n            status: messages.TestStepResultStatus.PASSED,\n            duration: (0, messages_1.duration)(start, end)\n          },\n          timestamp: end\n        }, isLastEl(steps, step));\n        remainingSteps.shift();\n      }\n    });\n  }\n}",
              "err": {},
              "uuid": "7b20e1d1-4861-4453-81e0-306d2e3b41a1",
              "parentUUID": "8d5a488a-8ce9-442a-8083-31b3a66d66f5",
              "isHook": false,
              "skipped": false
            },
            {
              "title": "Check the carousel indicators (example #1)",
              "fullTitle": "Test the featured items carousel Check the carousel indicators (example #1)",
              "timedOut": null,
              "duration": 1292,
              "state": "passed",
              "speed": "fast",
              "pass": true,
              "fail": false,
              "pending": false,
              "context": null,
              "code": "var _a2, _b, _c, _d, _e;\nconst { remainingSteps, testCaseStartedId } = retrieveInternalSpecProperties();\ntaskTestCaseStarted(context, {\n  id: testCaseStartedId,\n  testCaseId,\n  attempt: attempt++,\n  timestamp: (0, messages_1.createTimestamp)()\n});\nwindow.testState = {\n  gherkinDocument,\n  pickles,\n  pickle\n};\nfor (const step of steps) {\n  if (step.hook) {\n    const hook = step.hook;\n    const testStepId = getTestStepId({\n      context,\n      pickleId: pickle.id,\n      hookIdOrPickleStepId: hook.id\n    });\n    cy.then(() => {\n      delete window.testState.pickleStep;\n      const start = (0, messages_1.createTimestamp)();\n      internalProperties.currentStepStartedAt = start;\n      taskTestStepStarted(context, {\n        testStepId,\n        testCaseStartedId,\n        timestamp: start\n      });\n      return cy.wrap(start, { log: false });\n    }).then((start) => {\n      const options = {\n        pickle,\n        gherkinDocument,\n        testCaseStartedId\n      };\n      (0, cypress_1.runStepWithLogGroup)({\n        fn: () => registry2.runCaseHook(this, hook, options),\n        keyword: hook.keyword,\n        text: createStepDescription(hook)\n      });\n      return cy.wrap(start, { log: false });\n    }).then((start) => {\n      const end = (0, messages_1.createTimestamp)();\n      taskTestStepFinished(context, {\n        testStepId,\n        testCaseStartedId,\n        testStepResult: {\n          status: messages.TestStepResultStatus.PASSED,\n          duration: (0, messages_1.duration)(start, end)\n        },\n        timestamp: end\n      }, isLastEl(steps, step));\n      remainingSteps.shift();\n    });\n  } else if (step.pickleStep) {\n    const pickleStep = step.pickleStep;\n    const testStepId = getTestStepId({\n      context,\n      pickleId: pickle.id,\n      hookIdOrPickleStepId: pickleStep.id\n    });\n    const text = (0, assertions_1.assertAndReturn)(pickleStep.text, \"Expected pickle step to have a text\");\n    const scenarioStep = (0, assertions_1.assertAndReturn)(context.astIdsMap.get((0, assertions_1.assertAndReturn)((_a2 = pickleStep.astNodeIds) === null || _a2 === void 0 ? void 0 : _a2[0], \"Expected to find at least one astNodeId\")), `Expected to find scenario step associated with id = ${(_b = pickleStep.astNodeIds) === null || _b === void 0 ? void 0 : _b[0]}`);\n    const argument = ((_c = pickleStep.argument) === null || _c === void 0 ? void 0 : _c.dataTable) ? new data_table_1.default(pickleStep.argument.dataTable) : ((_e = (_d = pickleStep.argument) === null || _d === void 0 ? void 0 : _d.docString) === null || _e === void 0 ? void 0 : _e.content) ? pickleStep.argument.docString.content : void 0;\n    cy.then(() => {\n      window.testState.pickleStep = step.pickleStep;\n      const start = (0, messages_1.createTimestamp)();\n      internalProperties.currentStep = { pickleStep };\n      internalProperties.currentStepStartedAt = start;\n      taskTestStepStarted(context, {\n        testStepId,\n        testCaseStartedId,\n        timestamp: start\n      });\n      return cy.wrap(start, { log: false });\n    }).then((start) => {\n      const beforeStepHooks = registry2.resolveBeforeStepHooks(tags);\n      const afterStepHooks = registry2.resolveAfterStepHooks(tags);\n      const options = {\n        pickle,\n        pickleStep,\n        gherkinDocument,\n        testCaseStartedId,\n        testStepId\n      };\n      const beforeHooksChain = beforeStepHooks.reduce((chain, beforeStepHook) => {\n        return chain.then(() => (0, cypress_1.runStepWithLogGroup)({\n          keyword: \"BeforeStep\",\n          text: createStepDescription(beforeStepHook),\n          fn: () => registry2.runStepHook(this, beforeStepHook, options)\n        }));\n      }, cy.wrap({}, { log: false }));\n      return beforeHooksChain.then(() => {\n        try {\n          return (0, cypress_1.runStepWithLogGroup)({\n            keyword: (0, assertions_1.assertAndReturn)(\"keyword\" in scenarioStep && scenarioStep.keyword, \"Expected to find a keyword in the scenario step\"),\n            argument,\n            text,\n            fn: () => registry2.runStepDefininition(this, text, argument)\n          }).then((result) => {\n            return afterStepHooks.reduce((chain, afterStepHook) => {\n              return chain.then(() => (0, cypress_1.runStepWithLogGroup)({\n                keyword: \"AfterStep\",\n                text: createStepDescription(afterStepHook),\n                fn: () => registry2.runStepHook(this, afterStepHook, options)\n              }));\n            }, cy.wrap({}, { log: false })).then(() => {\n              return { start, result };\n            });\n          });\n        } catch (e) {\n          if (e instanceof registry_1.MissingDefinitionError) {\n            throw new Error(createMissingStepDefinitionMessage(context, pickleStep, context.registry.parameterTypeRegistry));\n          } else {\n            throw e;\n          }\n        }\n      });\n    }).then(({ start, result }) => {\n      var _a3, _b2, _c2;\n      const end = (0, messages_1.createTimestamp)();\n      if (result === \"pending\" || result === \"skipped\") {\n        if (result === \"pending\") {\n          taskTestStepFinished(context, {\n            testStepId,\n            testCaseStartedId,\n            testStepResult: {\n              status: messages.TestStepResultStatus.PENDING,\n              duration: (0, messages_1.duration)(start, end)\n            },\n            timestamp: end\n          }, isLastEl(steps, step));\n        } else {\n          taskTestStepFinished(context, {\n            testStepId,\n            testCaseStartedId,\n            testStepResult: {\n              status: messages.TestStepResultStatus.SKIPPED,\n              duration: (0, messages_1.duration)(start, end)\n            },\n            timestamp: end\n          }, isLastEl(steps, step));\n        }\n        remainingSteps.shift();\n        for (const skippedStep of remainingSteps) {\n          const hookIdOrPickleStepId = (0, assertions_1.assertAndReturn)((_b2 = (_a3 = skippedStep.hook) === null || _a3 === void 0 ? void 0 : _a3.id) !== null && _b2 !== void 0 ? _b2 : (_c2 = skippedStep.pickleStep) === null || _c2 === void 0 ? void 0 : _c2.id, \"Expected a step to either be a hook or a pickleStep\");\n          const testStepId2 = getTestStepId({\n            context,\n            pickleId: pickle.id,\n            hookIdOrPickleStepId\n          });\n          taskTestStepStarted(context, {\n            testStepId: testStepId2,\n            testCaseStartedId,\n            timestamp: (0, messages_1.createTimestamp)()\n          });\n          taskTestStepFinished(context, {\n            testStepId: testStepId2,\n            testCaseStartedId,\n            testStepResult: {\n              status: messages.TestStepResultStatus.SKIPPED,\n              duration: {\n                seconds: 0,\n                nanos: 0\n              }\n            },\n            timestamp: (0, messages_1.createTimestamp)()\n          }, isLastEl(remainingSteps, skippedStep));\n        }\n        for (let i = 0, count = remainingSteps.length; i < count; i++) {\n          remainingSteps.pop();\n        }\n        cy.then(() => this.skip());\n      } else {\n        taskTestStepFinished(context, {\n          testStepId,\n          testCaseStartedId,\n          testStepResult: {\n            status: messages.TestStepResultStatus.PASSED,\n            duration: (0, messages_1.duration)(start, end)\n          },\n          timestamp: end\n        }, isLastEl(steps, step));\n        remainingSteps.shift();\n      }\n    });\n  }\n}",
              "err": {},
              "uuid": "e4b0a82f-1fa2-4fdf-98b8-fba43584371e",
              "parentUUID": "8d5a488a-8ce9-442a-8083-31b3a66d66f5",
              "isHook": false,
              "skipped": false
            },
            {
              "title": "Check the carousel indicators (example #2)",
              "fullTitle": "Test the featured items carousel Check the carousel indicators (example #2)",
              "timedOut": null,
              "duration": 798,
              "state": "passed",
              "speed": "fast",
              "pass": true,
              "fail": false,
              "pending": false,
              "context": null,
              "code": "var _a2, _b, _c, _d, _e;\nconst { remainingSteps, testCaseStartedId } = retrieveInternalSpecProperties();\ntaskTestCaseStarted(context, {\n  id: testCaseStartedId,\n  testCaseId,\n  attempt: attempt++,\n  timestamp: (0, messages_1.createTimestamp)()\n});\nwindow.testState = {\n  gherkinDocument,\n  pickles,\n  pickle\n};\nfor (const step of steps) {\n  if (step.hook) {\n    const hook = step.hook;\n    const testStepId = getTestStepId({\n      context,\n      pickleId: pickle.id,\n      hookIdOrPickleStepId: hook.id\n    });\n    cy.then(() => {\n      delete window.testState.pickleStep;\n      const start = (0, messages_1.createTimestamp)();\n      internalProperties.currentStepStartedAt = start;\n      taskTestStepStarted(context, {\n        testStepId,\n        testCaseStartedId,\n        timestamp: start\n      });\n      return cy.wrap(start, { log: false });\n    }).then((start) => {\n      const options = {\n        pickle,\n        gherkinDocument,\n        testCaseStartedId\n      };\n      (0, cypress_1.runStepWithLogGroup)({\n        fn: () => registry2.runCaseHook(this, hook, options),\n        keyword: hook.keyword,\n        text: createStepDescription(hook)\n      });\n      return cy.wrap(start, { log: false });\n    }).then((start) => {\n      const end = (0, messages_1.createTimestamp)();\n      taskTestStepFinished(context, {\n        testStepId,\n        testCaseStartedId,\n        testStepResult: {\n          status: messages.TestStepResultStatus.PASSED,\n          duration: (0, messages_1.duration)(start, end)\n        },\n        timestamp: end\n      }, isLastEl(steps, step));\n      remainingSteps.shift();\n    });\n  } else if (step.pickleStep) {\n    const pickleStep = step.pickleStep;\n    const testStepId = getTestStepId({\n      context,\n      pickleId: pickle.id,\n      hookIdOrPickleStepId: pickleStep.id\n    });\n    const text = (0, assertions_1.assertAndReturn)(pickleStep.text, \"Expected pickle step to have a text\");\n    const scenarioStep = (0, assertions_1.assertAndReturn)(context.astIdsMap.get((0, assertions_1.assertAndReturn)((_a2 = pickleStep.astNodeIds) === null || _a2 === void 0 ? void 0 : _a2[0], \"Expected to find at least one astNodeId\")), `Expected to find scenario step associated with id = ${(_b = pickleStep.astNodeIds) === null || _b === void 0 ? void 0 : _b[0]}`);\n    const argument = ((_c = pickleStep.argument) === null || _c === void 0 ? void 0 : _c.dataTable) ? new data_table_1.default(pickleStep.argument.dataTable) : ((_e = (_d = pickleStep.argument) === null || _d === void 0 ? void 0 : _d.docString) === null || _e === void 0 ? void 0 : _e.content) ? pickleStep.argument.docString.content : void 0;\n    cy.then(() => {\n      window.testState.pickleStep = step.pickleStep;\n      const start = (0, messages_1.createTimestamp)();\n      internalProperties.currentStep = { pickleStep };\n      internalProperties.currentStepStartedAt = start;\n      taskTestStepStarted(context, {\n        testStepId,\n        testCaseStartedId,\n        timestamp: start\n      });\n      return cy.wrap(start, { log: false });\n    }).then((start) => {\n      const beforeStepHooks = registry2.resolveBeforeStepHooks(tags);\n      const afterStepHooks = registry2.resolveAfterStepHooks(tags);\n      const options = {\n        pickle,\n        pickleStep,\n        gherkinDocument,\n        testCaseStartedId,\n        testStepId\n      };\n      const beforeHooksChain = beforeStepHooks.reduce((chain, beforeStepHook) => {\n        return chain.then(() => (0, cypress_1.runStepWithLogGroup)({\n          keyword: \"BeforeStep\",\n          text: createStepDescription(beforeStepHook),\n          fn: () => registry2.runStepHook(this, beforeStepHook, options)\n        }));\n      }, cy.wrap({}, { log: false }));\n      return beforeHooksChain.then(() => {\n        try {\n          return (0, cypress_1.runStepWithLogGroup)({\n            keyword: (0, assertions_1.assertAndReturn)(\"keyword\" in scenarioStep && scenarioStep.keyword, \"Expected to find a keyword in the scenario step\"),\n            argument,\n            text,\n            fn: () => registry2.runStepDefininition(this, text, argument)\n          }).then((result) => {\n            return afterStepHooks.reduce((chain, afterStepHook) => {\n              return chain.then(() => (0, cypress_1.runStepWithLogGroup)({\n                keyword: \"AfterStep\",\n                text: createStepDescription(afterStepHook),\n                fn: () => registry2.runStepHook(this, afterStepHook, options)\n              }));\n            }, cy.wrap({}, { log: false })).then(() => {\n              return { start, result };\n            });\n          });\n        } catch (e) {\n          if (e instanceof registry_1.MissingDefinitionError) {\n            throw new Error(createMissingStepDefinitionMessage(context, pickleStep, context.registry.parameterTypeRegistry));\n          } else {\n            throw e;\n          }\n        }\n      });\n    }).then(({ start, result }) => {\n      var _a3, _b2, _c2;\n      const end = (0, messages_1.createTimestamp)();\n      if (result === \"pending\" || result === \"skipped\") {\n        if (result === \"pending\") {\n          taskTestStepFinished(context, {\n            testStepId,\n            testCaseStartedId,\n            testStepResult: {\n              status: messages.TestStepResultStatus.PENDING,\n              duration: (0, messages_1.duration)(start, end)\n            },\n            timestamp: end\n          }, isLastEl(steps, step));\n        } else {\n          taskTestStepFinished(context, {\n            testStepId,\n            testCaseStartedId,\n            testStepResult: {\n              status: messages.TestStepResultStatus.SKIPPED,\n              duration: (0, messages_1.duration)(start, end)\n            },\n            timestamp: end\n          }, isLastEl(steps, step));\n        }\n        remainingSteps.shift();\n        for (const skippedStep of remainingSteps) {\n          const hookIdOrPickleStepId = (0, assertions_1.assertAndReturn)((_b2 = (_a3 = skippedStep.hook) === null || _a3 === void 0 ? void 0 : _a3.id) !== null && _b2 !== void 0 ? _b2 : (_c2 = skippedStep.pickleStep) === null || _c2 === void 0 ? void 0 : _c2.id, \"Expected a step to either be a hook or a pickleStep\");\n          const testStepId2 = getTestStepId({\n            context,\n            pickleId: pickle.id,\n            hookIdOrPickleStepId\n          });\n          taskTestStepStarted(context, {\n            testStepId: testStepId2,\n            testCaseStartedId,\n            timestamp: (0, messages_1.createTimestamp)()\n          });\n          taskTestStepFinished(context, {\n            testStepId: testStepId2,\n            testCaseStartedId,\n            testStepResult: {\n              status: messages.TestStepResultStatus.SKIPPED,\n              duration: {\n                seconds: 0,\n                nanos: 0\n              }\n            },\n            timestamp: (0, messages_1.createTimestamp)()\n          }, isLastEl(remainingSteps, skippedStep));\n        }\n        for (let i = 0, count = remainingSteps.length; i < count; i++) {\n          remainingSteps.pop();\n        }\n        cy.then(() => this.skip());\n      } else {\n        taskTestStepFinished(context, {\n          testStepId,\n          testCaseStartedId,\n          testStepResult: {\n            status: messages.TestStepResultStatus.PASSED,\n            duration: (0, messages_1.duration)(start, end)\n          },\n          timestamp: end\n        }, isLastEl(steps, step));\n        remainingSteps.shift();\n      }\n    });\n  }\n}",
              "err": {},
              "uuid": "bb1c19e3-e540-4031-a8de-7fdca62b6677",
              "parentUUID": "8d5a488a-8ce9-442a-8083-31b3a66d66f5",
              "isHook": false,
              "skipped": false
            },
            {
              "title": "Check the carousel indicators (example #3)",
              "fullTitle": "Test the featured items carousel Check the carousel indicators (example #3)",
              "timedOut": null,
              "duration": 665,
              "state": "passed",
              "speed": "fast",
              "pass": true,
              "fail": false,
              "pending": false,
              "context": null,
              "code": "var _a2, _b, _c, _d, _e;\nconst { remainingSteps, testCaseStartedId } = retrieveInternalSpecProperties();\ntaskTestCaseStarted(context, {\n  id: testCaseStartedId,\n  testCaseId,\n  attempt: attempt++,\n  timestamp: (0, messages_1.createTimestamp)()\n});\nwindow.testState = {\n  gherkinDocument,\n  pickles,\n  pickle\n};\nfor (const step of steps) {\n  if (step.hook) {\n    const hook = step.hook;\n    const testStepId = getTestStepId({\n      context,\n      pickleId: pickle.id,\n      hookIdOrPickleStepId: hook.id\n    });\n    cy.then(() => {\n      delete window.testState.pickleStep;\n      const start = (0, messages_1.createTimestamp)();\n      internalProperties.currentStepStartedAt = start;\n      taskTestStepStarted(context, {\n        testStepId,\n        testCaseStartedId,\n        timestamp: start\n      });\n      return cy.wrap(start, { log: false });\n    }).then((start) => {\n      const options = {\n        pickle,\n        gherkinDocument,\n        testCaseStartedId\n      };\n      (0, cypress_1.runStepWithLogGroup)({\n        fn: () => registry2.runCaseHook(this, hook, options),\n        keyword: hook.keyword,\n        text: createStepDescription(hook)\n      });\n      return cy.wrap(start, { log: false });\n    }).then((start) => {\n      const end = (0, messages_1.createTimestamp)();\n      taskTestStepFinished(context, {\n        testStepId,\n        testCaseStartedId,\n        testStepResult: {\n          status: messages.TestStepResultStatus.PASSED,\n          duration: (0, messages_1.duration)(start, end)\n        },\n        timestamp: end\n      }, isLastEl(steps, step));\n      remainingSteps.shift();\n    });\n  } else if (step.pickleStep) {\n    const pickleStep = step.pickleStep;\n    const testStepId = getTestStepId({\n      context,\n      pickleId: pickle.id,\n      hookIdOrPickleStepId: pickleStep.id\n    });\n    const text = (0, assertions_1.assertAndReturn)(pickleStep.text, \"Expected pickle step to have a text\");\n    const scenarioStep = (0, assertions_1.assertAndReturn)(context.astIdsMap.get((0, assertions_1.assertAndReturn)((_a2 = pickleStep.astNodeIds) === null || _a2 === void 0 ? void 0 : _a2[0], \"Expected to find at least one astNodeId\")), `Expected to find scenario step associated with id = ${(_b = pickleStep.astNodeIds) === null || _b === void 0 ? void 0 : _b[0]}`);\n    const argument = ((_c = pickleStep.argument) === null || _c === void 0 ? void 0 : _c.dataTable) ? new data_table_1.default(pickleStep.argument.dataTable) : ((_e = (_d = pickleStep.argument) === null || _d === void 0 ? void 0 : _d.docString) === null || _e === void 0 ? void 0 : _e.content) ? pickleStep.argument.docString.content : void 0;\n    cy.then(() => {\n      window.testState.pickleStep = step.pickleStep;\n      const start = (0, messages_1.createTimestamp)();\n      internalProperties.currentStep = { pickleStep };\n      internalProperties.currentStepStartedAt = start;\n      taskTestStepStarted(context, {\n        testStepId,\n        testCaseStartedId,\n        timestamp: start\n      });\n      return cy.wrap(start, { log: false });\n    }).then((start) => {\n      const beforeStepHooks = registry2.resolveBeforeStepHooks(tags);\n      const afterStepHooks = registry2.resolveAfterStepHooks(tags);\n      const options = {\n        pickle,\n        pickleStep,\n        gherkinDocument,\n        testCaseStartedId,\n        testStepId\n      };\n      const beforeHooksChain = beforeStepHooks.reduce((chain, beforeStepHook) => {\n        return chain.then(() => (0, cypress_1.runStepWithLogGroup)({\n          keyword: \"BeforeStep\",\n          text: createStepDescription(beforeStepHook),\n          fn: () => registry2.runStepHook(this, beforeStepHook, options)\n        }));\n      }, cy.wrap({}, { log: false }));\n      return beforeHooksChain.then(() => {\n        try {\n          return (0, cypress_1.runStepWithLogGroup)({\n            keyword: (0, assertions_1.assertAndReturn)(\"keyword\" in scenarioStep && scenarioStep.keyword, \"Expected to find a keyword in the scenario step\"),\n            argument,\n            text,\n            fn: () => registry2.runStepDefininition(this, text, argument)\n          }).then((result) => {\n            return afterStepHooks.reduce((chain, afterStepHook) => {\n              return chain.then(() => (0, cypress_1.runStepWithLogGroup)({\n                keyword: \"AfterStep\",\n                text: createStepDescription(afterStepHook),\n                fn: () => registry2.runStepHook(this, afterStepHook, options)\n              }));\n            }, cy.wrap({}, { log: false })).then(() => {\n              return { start, result };\n            });\n          });\n        } catch (e) {\n          if (e instanceof registry_1.MissingDefinitionError) {\n            throw new Error(createMissingStepDefinitionMessage(context, pickleStep, context.registry.parameterTypeRegistry));\n          } else {\n            throw e;\n          }\n        }\n      });\n    }).then(({ start, result }) => {\n      var _a3, _b2, _c2;\n      const end = (0, messages_1.createTimestamp)();\n      if (result === \"pending\" || result === \"skipped\") {\n        if (result === \"pending\") {\n          taskTestStepFinished(context, {\n            testStepId,\n            testCaseStartedId,\n            testStepResult: {\n              status: messages.TestStepResultStatus.PENDING,\n              duration: (0, messages_1.duration)(start, end)\n            },\n            timestamp: end\n          }, isLastEl(steps, step));\n        } else {\n          taskTestStepFinished(context, {\n            testStepId,\n            testCaseStartedId,\n            testStepResult: {\n              status: messages.TestStepResultStatus.SKIPPED,\n              duration: (0, messages_1.duration)(start, end)\n            },\n            timestamp: end\n          }, isLastEl(steps, step));\n        }\n        remainingSteps.shift();\n        for (const skippedStep of remainingSteps) {\n          const hookIdOrPickleStepId = (0, assertions_1.assertAndReturn)((_b2 = (_a3 = skippedStep.hook) === null || _a3 === void 0 ? void 0 : _a3.id) !== null && _b2 !== void 0 ? _b2 : (_c2 = skippedStep.pickleStep) === null || _c2 === void 0 ? void 0 : _c2.id, \"Expected a step to either be a hook or a pickleStep\");\n          const testStepId2 = getTestStepId({\n            context,\n            pickleId: pickle.id,\n            hookIdOrPickleStepId\n          });\n          taskTestStepStarted(context, {\n            testStepId: testStepId2,\n            testCaseStartedId,\n            timestamp: (0, messages_1.createTimestamp)()\n          });\n          taskTestStepFinished(context, {\n            testStepId: testStepId2,\n            testCaseStartedId,\n            testStepResult: {\n              status: messages.TestStepResultStatus.SKIPPED,\n              duration: {\n                seconds: 0,\n                nanos: 0\n              }\n            },\n            timestamp: (0, messages_1.createTimestamp)()\n          }, isLastEl(remainingSteps, skippedStep));\n        }\n        for (let i = 0, count = remainingSteps.length; i < count; i++) {\n          remainingSteps.pop();\n        }\n        cy.then(() => this.skip());\n      } else {\n        taskTestStepFinished(context, {\n          testStepId,\n          testCaseStartedId,\n          testStepResult: {\n            status: messages.TestStepResultStatus.PASSED,\n            duration: (0, messages_1.duration)(start, end)\n          },\n          timestamp: end\n        }, isLastEl(steps, step));\n        remainingSteps.shift();\n      }\n    });\n  }\n}",
              "err": {},
              "uuid": "7b7cec9d-f862-473e-b0a5-a6440d2b1761",
              "parentUUID": "8d5a488a-8ce9-442a-8083-31b3a66d66f5",
              "isHook": false,
              "skipped": false
            }
          ],
          "suites": [],
          "passes": [
            "5813c103-0661-420a-bdaf-cee98bcfcdda",
            "d319bf4e-f1ed-4cb9-bdb2-6b1adfc6b7dc",
            "7b20e1d1-4861-4453-81e0-306d2e3b41a1",
            "e4b0a82f-1fa2-4fdf-98b8-fba43584371e",
            "bb1c19e3-e540-4031-a8de-7fdca62b6677",
            "7b7cec9d-f862-473e-b0a5-a6440d2b1761"
          ],
          "failures": [],
          "pending": [],
          "skipped": [],
          "duration": 21962,
          "root": false,
          "rootEmpty": false,
          "_timeout": 2000
        }
      ],
      "passes": [],
      "failures": [],
      "pending": [],
      "skipped": [],
      "duration": 0,
      "root": true,
      "rootEmpty": true,
      "_timeout": 2000
    }
  ],
  "meta": {
    "mocha": {
      "version": "7.0.1"
    },
    "mochawesome": {
      "options": {
        "quiet": true,
        "reportFilename": "mochawesome",
        "saveHtml": true,
        "saveJson": true,
        "consoleReporter": "spec",
        "useInlineDiffs": false,
        "code": true
      },
      "version": "7.1.3"
    },
    "marge": {
      "options": {
        "id": "default",
        "reportDir": "cypress/reports/mochawesome-report",
        "quiet": true,
        "overwrite": true,
        "html": true,
        "json": true,
        "timestamp": "mmddyyyy_HHMMss"
      },
      "version": "6.2.0"
    }
  }
}